<?xml version="1.0" encoding="UTF-8"?>
<!-- Generated by org.testng.reporters.JUnitXMLReporter -->
<testsuite ignored="0" hostname="TABLET-TKN4NNLS" failures="1" tests="9" name="Surefire test" time="51.714" errors="0" timestamp="2025-04-26T15:25:39 GMT+07:00">
  <testcase classname="com.may.demo.LoginTest" name="testEmptyPassword" time="0.265"/>
  <testcase classname="com.may.demo.LoginTest" name="testEmptyUsername" time="0.188"/>
  <testcase classname="com.may.demo.LoginTest" name="testValidLogin" time="3.943"/>
  <testcase classname="com.may.demo.LoginTest" name="testInvalidUsername" time="3.776"/>
  <testcase classname="com.may.demo.LoginTest" name="testInvalidPassword" time="3.745"/>
  <testcase classname="com.may.demo.LoginTest" name="testNonExistentUser" time="4.448"/>
  <testcase classname="com.may.demo.LoginTest" name="testViewPasswordToggle" time="5.171"/>
  <testcase classname="com.may.demo.LoginTest" name="testSaveLoginInformation" time="7.333"/>
  <testcase classname="com.may.demo.MakeReservationTest" name="testMakeReservationSuccessfully" time="3.066">
    <failure type="org.openqa.selenium.ElementClickInterceptedException" message="element click intercepted: Element &amp;lt;label data-v-5d01699a=&amp;quot;&amp;quot;&amp;gt;...&amp;lt;/label&amp;gt; is not clickable at point (946, 658). Other element would receive the click: &amp;lt;ul data-v-5d01699a=&amp;quot;&amp;quot;&amp;gt;...&amp;lt;/ul&amp;gt;
  (Session info: chrome=135.0.7049.115)
Build info: version: &amp;apos;4.19.1&amp;apos;, revision: &amp;apos;abe0ee07dc&amp;apos;
System info: os.name: &amp;apos;Windows 11&amp;apos;, os.arch: &amp;apos;amd64&amp;apos;, os.version: &amp;apos;10.0&amp;apos;, java.version: &amp;apos;24.0.1&amp;apos;
Driver info: org.openqa.selenium.chrome.ChromeDriver
Command: [98f58bb66046f78fb2b1674979b9782d, clickElement {id=f.2DBD7D5FC4607EDEDC8F864D3FDC54B6.d.EA14755BE99D5EFE6493832B2925DC88.e.213}]
Capabilities {acceptInsecureCerts: false, browserName: chrome, browserVersion: 135.0.7049.115, chrome: {chromedriverVersion: 135.0.7049.114 (63fd8a7d9d0..., userDataDir: C:\WINDOWS\SystemTemp\scope...}, fedcm:accounts: true, goog:chromeOptions: {debuggerAddress: localhost:55542}, networkConnectionEnabled: false, pageLoadStrategy: normal, platformName: windows, proxy: Proxy(), se:cdp: ws://localhost:55542/devtoo..., se:cdpVersion: 135.0.7049.115, setWindowRect: true, strictFileInteractability: false, timeouts: {implicit: 0, pageLoad: 300000, script: 30000}, unhandledPromptBehavior: dismiss and notify, webauthn:extension:credBlob: true, webauthn:extension:largeBlob: true, webauthn:extension:minPinLength: true, webauthn:extension:prf: true, webauthn:virtualAuthenticators: true}
Element: [[ChromeDriver: chrome on windows (98f58bb66046f78fb2b1674979b9782d)] -&amp;gt; xpath: //div[contains(@class,&amp;apos;time-box-list&amp;apos;)]//label]
Session ID: 98f58bb66046f78fb2b1674979b9782d">
      <![CDATA[org.openqa.selenium.ElementClickInterceptedException: element click intercepted: Element <label data-v-5d01699a="">...</label> is not clickable at point (946, 658). Other element would receive the click: <ul data-v-5d01699a="">...</ul>
  (Session info: chrome=135.0.7049.115)
Build info: version: '4.19.1', revision: 'abe0ee07dc'
System info: os.name: 'Windows 11', os.arch: 'amd64', os.version: '10.0', java.version: '24.0.1'
Driver info: org.openqa.selenium.chrome.ChromeDriver
Command: [98f58bb66046f78fb2b1674979b9782d, clickElement {id=f.2DBD7D5FC4607EDEDC8F864D3FDC54B6.d.EA14755BE99D5EFE6493832B2925DC88.e.213}]
Capabilities {acceptInsecureCerts: false, browserName: chrome, browserVersion: 135.0.7049.115, chrome: {chromedriverVersion: 135.0.7049.114 (63fd8a7d9d0..., userDataDir: C:\WINDOWS\SystemTemp\scope...}, fedcm:accounts: true, goog:chromeOptions: {debuggerAddress: localhost:55542}, networkConnectionEnabled: false, pageLoadStrategy: normal, platformName: windows, proxy: Proxy(), se:cdp: ws://localhost:55542/devtoo..., se:cdpVersion: 135.0.7049.115, setWindowRect: true, strictFileInteractability: false, timeouts: {implicit: 0, pageLoad: 300000, script: 30000}, unhandledPromptBehavior: dismiss and notify, webauthn:extension:credBlob: true, webauthn:extension:largeBlob: true, webauthn:extension:minPinLength: true, webauthn:extension:prf: true, webauthn:virtualAuthenticators: true}
Element: [[ChromeDriver: chrome on windows (98f58bb66046f78fb2b1674979b9782d)] -> xpath: //div[contains(@class,'time-box-list')]//label]
Session ID: 98f58bb66046f78fb2b1674979b9782d
at org.openqa.selenium.remote.ErrorCodec.decode(ErrorCodec.java:167)
at org.openqa.selenium.remote.codec.w3c.W3CHttpResponseCodec.decode(W3CHttpResponseCodec.java:138)
at org.openqa.selenium.remote.codec.w3c.W3CHttpResponseCodec.decode(W3CHttpResponseCodec.java:50)
at org.openqa.selenium.remote.HttpCommandExecutor.execute(HttpCommandExecutor.java:190)
at org.openqa.selenium.remote.service.DriverCommandExecutor.invokeExecute(DriverCommandExecutor.java:216)
at org.openqa.selenium.remote.service.DriverCommandExecutor.execute(DriverCommandExecutor.java:174)
at org.openqa.selenium.remote.RemoteWebDriver.execute(RemoteWebDriver.java:518)
at org.openqa.selenium.remote.RemoteWebElement.execute(RemoteWebElement.java:223)
at org.openqa.selenium.remote.RemoteWebElement.click(RemoteWebElement.java:76)
at com.may.demo.MakeReservationTest.testMakeReservationSuccessfully(MakeReservationTest.java:191)
at java.base/java.util.ArrayList.forEach(ArrayList.java:1604)
... Removed 33 stack frames]]>
    </failure>
  </testcase> <!-- testMakeReservationSuccessfully -->
</testsuite> <!-- Surefire test -->
